<?xml version="1.0" encoding="UTF-8"?>
<!-- Generated by org.testng.reporters.JUnitReportReporter -->
<testsuite hostname="LAPTOP-3DQRMHDT" failures="0" tests="4" name="crudOperations.Request_Chain_Git_CRUD" time="5.746" errors="0" timestamp="2026-03-13T13:51:20 IST" skipped="0">
  <testcase classname="crudOperations.Request_Chain_Git_CRUD" name="createRepo" time="4.117"/>
  <system-out/>
  <testcase classname="crudOperations.Request_Chain_Git_CRUD" name="getRepo" time="0.447"/>
  <system-out/>
  <testcase classname="crudOperations.Request_Chain_Git_CRUD" name="updateRepo" time="0.556"/>
  <system-out/>
  <testcase classname="crudOperations.Request_Chain_Git_CRUD" name="deleteRepo" time="0.626"/>
  <system-out/>
</testsuite> <!-- crudOperations.Request_Chain_Git_CRUD -->
